# JRE version: Java(TM) SE Runtime Environment (11.0.2+7) (build 11.0.2+7-LTS)
# Java VM: Java HotSpot(TM) 64-Bit Server VM (11.0.2+7-LTS, mixed mode, tiered, compressed oops, g1 gc, windows-amd64)
Heap:
 garbage-first heap   total 107520K, used 87149K [0x00000000a2000000, 0x0000000100000000)
  region size 1024K, 40 young (40960K), 3 survivors (3072K)
 Metaspace       used 109746K, capacity 113925K, committed 114176K, reserved 1148928K
  class space    used 12577K, capacity 14259K, committed 14336K, reserved 1048576K
GC Heap History (10 events):
Event: 1361.230 GC heap before
{Heap before GC invocations=306 (full 25):
 garbage-first heap   total 107520K, used 59294K [0x00000000a2000000, 0x0000000100000000)
  region size 1024K, 5 young (5120K), 2 survivors (2048K)
 Metaspace       used 109362K, capacity 113467K, committed 113664K, reserved 1148928K
  class space    used 12544K, capacity 14213K, committed 14336K, reserved 1048576K
}
Event: 1361.233 GC heap after
{Heap after GC invocations=307 (full 25):
 garbage-first heap   total 107520K, used 56145K [0x00000000a2000000, 0x0000000100000000)
  region size 1024K, 1 young (1024K), 1 survivors (1024K)
 Metaspace       used 109362K, capacity 113467K, committed 113664K, reserved 1148928K
  class space    used 12544K, capacity 14213K, committed 14336K, reserved 1048576K
}
Event: 1399.728 GC heap before
{Heap before GC invocations=307 (full 25):
 garbage-first heap   total 107520K, used 88913K [0x00000000a2000000, 0x0000000100000000)
  region size 1024K, 33 young (33792K), 1 survivors (1024K)
 Metaspace       used 109365K, capacity 113473K, committed 113664K, reserved 1148928K
  class space    used 12544K, capacity 14215K, committed 14336K, reserved 1048576K
}
Event: 1399.730 GC heap after
{Heap after GC invocations=308 (full 25):
 garbage-first heap   total 107520K, used 56160K [0x00000000a2000000, 0x0000000100000000)
  region size 1024K, 1 young (1024K), 1 survivors (1024K)
 Metaspace       used 109365K, capacity 113473K, committed 113664K, reserved 1148928K
  class space    used 12544K, capacity 14215K, committed 14336K, reserved 1048576K
}
Event: 1399.754 GC heap before
{Heap before GC invocations=308 (full 25):
 garbage-first heap   total 107520K, used 56160K [0x00000000a2000000, 0x0000000100000000)
  region size 1024K, 2 young (2048K), 1 survivors (1024K)
 Metaspace       used 109365K, capacity 113473K, committed 113664K, reserved 1148928K
  class space    used 12544K, capacity 14215K, committed 14336K, reserved 1048576K
}
Event: 1399.880 GC heap after
{Heap after GC invocations=309 (full 26):
 garbage-first heap   total 107520K, used 47245K [0x00000000a2000000, 0x0000000100000000)
  region size 1024K, 0 young (0K), 0 survivors (0K)
 Metaspace       used 109365K, capacity 113473K, committed 113664K, reserved 1148928K
  class space    used 12544K, capacity 14215K, committed 14336K, reserved 1048576K
}
Event: 1400.285 GC heap before
{Heap before GC invocations=309 (full 26):
 garbage-first heap   total 107520K, used 86157K [0x00000000a2000000, 0x0000000100000000)
  region size 1024K, 38 young (38912K), 0 survivors (0K)
 Metaspace       used 109671K, capacity 113837K, committed 113920K, reserved 1148928K
  class space    used 12571K, capacity 14255K, committed 14336K, reserved 1048576K
}
Event: 1400.288 GC heap after
{Heap after GC invocations=310 (full 26):
 garbage-first heap   total 107520K, used 49820K [0x00000000a2000000, 0x0000000100000000)
  region size 1024K, 3 young (3072K), 3 survivors (3072K)
 Metaspace       used 109671K, capacity 113837K, committed 113920K, reserved 1148928K
  class space    used 12571K, capacity 14255K, committed 14336K, reserved 1048576K
}
Event: 1400.323 GC heap before
{Heap before GC invocations=310 (full 26):
 garbage-first heap   total 107520K, used 85660K [0x00000000a2000000, 0x0000000100000000)
  region size 1024K, 39 young (39936K), 3 survivors (3072K)
 Metaspace       used 109671K, capacity 113837K, committed 113920K, reserved 1148928K
  class space    used 12571K, capacity 14255K, committed 14336K, reserved 1048576K
}
Event: 1400.332 GC heap after
{Heap after GC invocations=311 (full 26):
 garbage-first heap   total 107520K, used 50285K [0x00000000a2000000, 0x0000000100000000)
  region size 1024K, 3 young (3072K), 3 survivors (3072K)
 Metaspace       used 109671K, capacity 113837K, committed 113920K, reserved 1148928K
  class space    used 12571K, capacity 14255K, committed 14336K, reserved 1048576K
}

